2024-02-08 15:56:33,067 - basicLogger - DEBUG - Stored event 'create_product' request with a trace id of fbcadb34-1134-49fd-bf4b-28572ff9e137
2024-02-08 15:56:33,246 - basicLogger - DEBUG - Stored event 'create_product' request with a trace id of e0581872-e71a-42cf-a2b6-fc2812da89ce
2024-02-08 15:56:33,449 - basicLogger - DEBUG - Stored event 'create_product' request with a trace id of c9ac47f2-14a0-45ae-bd0c-0304d03c4eea
2024-02-08 15:56:33,621 - basicLogger - DEBUG - Stored event 'create_product' request with a trace id of cd5a0433-501f-4659-8797-f86b748bbef2
2024-02-08 15:56:33,829 - basicLogger - DEBUG - Stored event 'create_product' request with a trace id of 119faaa0-fd2b-4b91-bc9e-900e3e7beea3
2024-02-08 15:56:35,106 - basicLogger - DEBUG - Stored event 'create_order' request with a trace id of ff0c4b98-1f81-4001-83d4-7fb88d961847
2024-02-08 15:56:35,295 - basicLogger - DEBUG - Stored event 'create_order' request with a trace id of 15b3b267-7449-4ff4-81ba-b785ff9ad981
2024-02-08 15:56:35,507 - basicLogger - DEBUG - Stored event 'create_order' request with a trace id of 9241a57c-8433-46c2-acbc-529554f9ee3d
2024-02-08 15:56:35,673 - basicLogger - DEBUG - Stored event 'create_order' request with a trace id of 70937771-cdb0-4cb2-af3a-df0aefc201b6
2024-02-08 15:56:35,883 - basicLogger - DEBUG - Stored event 'create_order' request with a trace id of 7bee368b-df6c-4f02-a095-cb7f670a88fd
2024-02-08 15:56:37,157 - basicLogger - DEBUG - Stored event 'create_product' request with a trace id of 0ed7dca3-6718-4e8d-85e1-aecfd21460c7
2024-02-08 15:56:37,327 - basicLogger - DEBUG - Stored event 'create_product' request with a trace id of 13fbaaa6-3662-4590-a727-5faa6f1d9aa0
2024-02-08 15:56:37,548 - basicLogger - DEBUG - Stored event 'create_product' request with a trace id of b289a0b4-f3c3-4612-bb35-9d7463b9d1cb
2024-02-08 15:56:37,723 - basicLogger - DEBUG - Stored event 'create_product' request with a trace id of 2684a5df-bec6-4734-9c63-966dae727820
2024-02-08 15:56:37,943 - basicLogger - DEBUG - Stored event 'create_product' request with a trace id of 068882ff-1830-443e-9f32-442ef8521b50
2024-02-08 15:56:39,203 - basicLogger - DEBUG - Stored event 'create_order' request with a trace id of 9f9e57fd-571f-4ca2-8326-f3ee8a10d46e
2024-02-08 15:56:39,377 - basicLogger - DEBUG - Stored event 'create_order' request with a trace id of 5263b5c1-71bb-4b7b-9be9-9595b574ef6d
2024-02-08 15:56:39,600 - basicLogger - DEBUG - Stored event 'create_order' request with a trace id of 7e16cc19-b240-4bd7-95d0-f8f2ad6e4aca
2024-02-08 15:56:39,775 - basicLogger - DEBUG - Stored event 'create_order' request with a trace id of 435fc2d6-99e2-411e-a23a-893c72a5392f
2024-02-08 15:56:39,980 - basicLogger - DEBUG - Stored event 'create_order' request with a trace id of f0729f07-aff4-4ed2-890d-85f98dee59bc
2024-02-08 15:56:41,240 - basicLogger - DEBUG - Stored event 'create_product' request with a trace id of 0a08e77a-a884-4099-8a7c-ebff38803910
2024-02-08 15:56:41,412 - basicLogger - DEBUG - Stored event 'create_product' request with a trace id of 32675522-15fa-4035-b7ba-4aa0b5f99b61
2024-02-08 15:56:41,655 - basicLogger - DEBUG - Stored event 'create_product' request with a trace id of a874c565-26e1-4390-9f8f-27480dad8500
2024-02-08 15:56:41,826 - basicLogger - DEBUG - Stored event 'create_product' request with a trace id of 70add6d5-f87f-403d-9282-668bcfbec692
2024-02-08 15:56:42,029 - basicLogger - DEBUG - Stored event 'create_product' request with a trace id of 3cd695c6-3902-4943-a854-4073491b1f54
2024-02-08 15:56:43,298 - basicLogger - DEBUG - Stored event 'create_order' request with a trace id of df775e36-937a-4488-a0a7-a46ea7128dc9
2024-02-08 15:56:43,456 - basicLogger - DEBUG - Stored event 'create_order' request with a trace id of 1c60b652-09b2-4339-8a14-3d39b19ce2dc
2024-02-08 15:56:43,709 - basicLogger - DEBUG - Stored event 'create_order' request with a trace id of 3cdebdbd-c80e-4675-bda9-c775a18271ee
2024-02-08 15:56:43,880 - basicLogger - DEBUG - Stored event 'create_order' request with a trace id of 9316d156-d121-43b3-b876-a8173589ec9a
2024-02-08 15:56:44,068 - basicLogger - DEBUG - Stored event 'create_order' request with a trace id of 65bfce65-09d2-4ed9-9a2e-b2bc746f7012
2024-02-08 15:56:45,358 - basicLogger - DEBUG - Stored event 'create_product' request with a trace id of 8df1868f-84df-43bc-90e6-be3bce67924a
2024-02-08 15:56:45,507 - basicLogger - DEBUG - Stored event 'create_product' request with a trace id of f6b82482-29ba-432b-993d-838ada4535ee
2024-02-08 15:56:45,771 - basicLogger - DEBUG - Stored event 'create_product' request with a trace id of d8c3eae4-1ffc-4c21-8079-d9cc6390dee4
2024-02-08 15:56:45,931 - basicLogger - DEBUG - Stored event 'create_product' request with a trace id of 31fe91c7-131a-4ebb-9b25-5682e2dc259c
2024-02-08 15:56:46,101 - basicLogger - DEBUG - Stored event 'create_product' request with a trace id of 6b3f0b81-e496-4a19-baab-968de0837176
2024-02-08 15:56:47,415 - basicLogger - DEBUG - Stored event 'create_order' request with a trace id of 2b4f963a-6acc-48bf-b8b8-0d67f65418df
2024-02-08 15:56:47,557 - basicLogger - DEBUG - Stored event 'create_order' request with a trace id of 97aa1ff8-1536-498b-b21a-ed5b52460b1d
2024-02-08 15:56:47,820 - basicLogger - DEBUG - Stored event 'create_order' request with a trace id of f064d655-3858-46fd-a7ef-058b971f5d7a
2024-02-08 15:56:47,986 - basicLogger - DEBUG - Stored event 'create_order' request with a trace id of cceeed79-c1c5-45fd-abd8-d767b4b538eb
2024-02-08 15:56:48,135 - basicLogger - DEBUG - Stored event 'create_order' request with a trace id of 43d1944c-5368-4fa7-9e24-2edc114c168e
2024-02-08 15:56:49,467 - basicLogger - DEBUG - Stored event 'create_product' request with a trace id of 59f88da9-1c4e-4d12-a9bd-a58d6ed4671c
2024-02-08 15:56:49,604 - basicLogger - DEBUG - Stored event 'create_product' request with a trace id of 4326a907-2ef0-4a71-bb09-2e3450c35a53
2024-02-08 15:56:49,869 - basicLogger - DEBUG - Stored event 'create_product' request with a trace id of 9c62b49c-7b1f-485c-850b-7b242f8aa7b4
2024-02-08 15:56:50,033 - basicLogger - DEBUG - Stored event 'create_product' request with a trace id of d7ed9016-2c8c-47a1-9c69-486a196f4079
2024-02-08 15:56:50,176 - basicLogger - DEBUG - Stored event 'create_product' request with a trace id of af70b93c-272f-47c4-8b8e-def64b36b78c
2024-02-08 15:56:51,515 - basicLogger - DEBUG - Stored event 'create_order' request with a trace id of c3fbc6be-1c80-4859-8dc7-ce4edacd6d65
2024-02-08 15:56:51,653 - basicLogger - DEBUG - Stored event 'create_order' request with a trace id of d6cf3f1e-bb97-437b-9c64-1dc856c34a8d
2024-02-08 15:56:51,906 - basicLogger - DEBUG - Stored event 'create_order' request with a trace id of 1577d8ef-12a8-4e07-b380-e0cc075b2bb5
2024-02-08 15:56:52,096 - basicLogger - DEBUG - Stored event 'create_order' request with a trace id of 808c0987-51f1-461a-8716-0bee67c9ce7d
2024-02-08 15:56:52,227 - basicLogger - DEBUG - Stored event 'create_order' request with a trace id of 1b6cbc4c-1c75-4e53-b8b0-312143bfac69
2024-02-08 15:56:53,570 - basicLogger - DEBUG - Stored event 'create_product' request with a trace id of 7be63bf4-5a73-4177-93be-088dae345a78
2024-02-08 15:56:53,717 - basicLogger - DEBUG - Stored event 'create_product' request with a trace id of 0ca91855-c783-4511-8157-8ffc0afafab4
2024-02-08 15:56:53,946 - basicLogger - DEBUG - Stored event 'create_product' request with a trace id of 974b7083-1ac5-4815-be2a-26d25bca3a5a
2024-02-08 15:56:54,134 - basicLogger - DEBUG - Stored event 'create_product' request with a trace id of af10f741-87a0-4e1e-8afd-be61fcb57032
2024-02-08 15:56:54,277 - basicLogger - DEBUG - Stored event 'create_product' request with a trace id of a755d993-ce9b-4bf2-9e04-ca4148db9ece
2024-02-08 15:56:55,617 - basicLogger - DEBUG - Stored event 'create_order' request with a trace id of 714afc43-dd80-4aa1-ad31-0dcf9dbc8618
2024-02-08 15:56:55,757 - basicLogger - DEBUG - Stored event 'create_order' request with a trace id of e6a675ec-bbc3-4a26-ae59-9bca093afb3f
2024-02-08 15:56:56,002 - basicLogger - DEBUG - Stored event 'create_order' request with a trace id of 49f65445-b25c-4e3f-bdcc-80e2f592bff6
2024-02-08 15:56:56,183 - basicLogger - DEBUG - Stored event 'create_order' request with a trace id of 11e4e607-5f27-41fa-a115-8a71988ea01d
2024-02-08 15:56:56,320 - basicLogger - DEBUG - Stored event 'create_order' request with a trace id of a9b4bd93-3eb2-4ad9-b6db-bf6af79bb383
2024-02-08 15:56:57,665 - basicLogger - DEBUG - Stored event 'create_product' request with a trace id of 7adc5579-425c-4c03-a527-7f30dc4fe9cd
2024-02-08 15:56:57,810 - basicLogger - DEBUG - Stored event 'create_product' request with a trace id of 70ec3596-eade-4b3b-88f8-d9f235db7bd3
2024-02-08 15:56:58,044 - basicLogger - DEBUG - Stored event 'create_product' request with a trace id of c24078fa-8ac1-44aa-94d2-a78fe3e92cc3
2024-02-08 15:56:58,232 - basicLogger - DEBUG - Stored event 'create_product' request with a trace id of 95d521ed-e6dd-4497-bfbb-ae03558bb938
2024-02-08 15:56:58,357 - basicLogger - DEBUG - Stored event 'create_product' request with a trace id of 92a98125-1386-4076-bb1c-825a5beb292b
2024-02-08 15:56:59,720 - basicLogger - DEBUG - Stored event 'create_order' request with a trace id of f375de4c-6577-4867-ad81-16c1a76048de
2024-02-08 15:56:59,862 - basicLogger - DEBUG - Stored event 'create_order' request with a trace id of 3bca7436-82d7-469c-9a28-9a6ce3b9a550
2024-02-08 15:57:00,094 - basicLogger - DEBUG - Stored event 'create_order' request with a trace id of 6925e1cb-921c-4f02-9f4c-f775a6ee7e66
2024-02-08 15:57:00,294 - basicLogger - DEBUG - Stored event 'create_order' request with a trace id of ae42f331-e192-4b99-9186-472a6b632d40
2024-02-08 15:57:00,414 - basicLogger - DEBUG - Stored event 'create_order' request with a trace id of a531d5b1-2ff6-4c87-bea4-42dd07122096
2024-02-08 15:57:01,770 - basicLogger - DEBUG - Stored event 'create_product' request with a trace id of 17c809a4-585f-4a4a-821b-d12d1db0f469
2024-02-08 15:57:01,918 - basicLogger - DEBUG - Stored event 'create_product' request with a trace id of ed0756db-dee4-469b-b0bc-87e021809576
2024-02-08 15:57:02,138 - basicLogger - DEBUG - Stored event 'create_product' request with a trace id of b779d1c7-a6d1-4cbc-8699-da597ff9622b
2024-02-08 15:57:02,340 - basicLogger - DEBUG - Stored event 'create_product' request with a trace id of 354549ac-0180-49f7-a720-3e5366a2a7cb
2024-02-08 15:57:02,466 - basicLogger - DEBUG - Stored event 'create_product' request with a trace id of 573e0633-006c-4778-a3bb-b806908e4993
2024-02-08 15:57:03,804 - basicLogger - DEBUG - Stored event 'create_order' request with a trace id of ff1d8bea-f12d-449a-b23d-1d9d8dc945f1
2024-02-08 15:57:03,964 - basicLogger - DEBUG - Stored event 'create_order' request with a trace id of bd2cd20c-4ca6-498d-b1f9-73d550a2066e
2024-02-08 15:57:04,186 - basicLogger - DEBUG - Stored event 'create_order' request with a trace id of 86c0b175-17f0-4909-8549-a32514423de8
2024-02-08 15:57:04,390 - basicLogger - DEBUG - Stored event 'create_order' request with a trace id of fedc3d5f-e84c-4321-8ea4-1da163cd75e4
2024-02-08 15:57:04,521 - basicLogger - DEBUG - Stored event 'create_order' request with a trace id of 0ad2deee-2a7a-44e8-83e1-e62f44fff22b
2024-02-08 15:57:05,837 - basicLogger - DEBUG - Stored event 'create_product' request with a trace id of 572f2e45-798c-476b-8903-681956b4bbef
2024-02-08 15:57:05,998 - basicLogger - DEBUG - Stored event 'create_product' request with a trace id of f096fb82-b4e1-4b74-b43a-629f6b087b18
2024-02-08 15:57:06,234 - basicLogger - DEBUG - Stored event 'create_product' request with a trace id of dd850996-0b3a-4bd8-bf78-e2f926929daf
2024-02-08 15:57:06,446 - basicLogger - DEBUG - Stored event 'create_product' request with a trace id of ee643945-6258-447b-98c9-06af749cc1ff
2024-02-08 15:57:06,569 - basicLogger - DEBUG - Stored event 'create_product' request with a trace id of 12cfbed4-4fb8-46e0-be70-d0eb0452e58c
2024-02-08 15:57:07,875 - basicLogger - DEBUG - Stored event 'create_order' request with a trace id of dc4d6125-1fc7-4024-a4e0-8334d7be30d5
2024-02-08 15:57:08,035 - basicLogger - DEBUG - Stored event 'create_order' request with a trace id of 85967c47-79bb-4c76-b88a-2ed2989e7d6a
2024-02-08 15:57:08,274 - basicLogger - DEBUG - Stored event 'create_order' request with a trace id of 6eab38fa-62b6-4fdf-8dfb-77b784ba7afc
2024-02-08 15:57:08,494 - basicLogger - DEBUG - Stored event 'create_order' request with a trace id of 310d72d4-15fc-414e-bdb3-194220e4efd9
2024-02-08 15:57:08,620 - basicLogger - DEBUG - Stored event 'create_order' request with a trace id of 3c90bb3a-4305-4f35-9106-6506cc08b6fd
2024-02-08 15:57:09,913 - basicLogger - DEBUG - Stored event 'create_product' request with a trace id of 75010f68-5def-46e6-93b7-9765d3d9dfbd
2024-02-08 15:57:10,074 - basicLogger - DEBUG - Stored event 'create_product' request with a trace id of 33bd300f-9747-4fba-b5ac-8483e1934d32
2024-02-08 15:57:10,309 - basicLogger - DEBUG - Stored event 'create_product' request with a trace id of 2fc8c09a-7341-4ee1-ac63-0ba5cc1a7fe8
2024-02-08 15:57:10,545 - basicLogger - DEBUG - Stored event 'create_product' request with a trace id of 4f8c46d7-cc1e-4df1-a75f-39e1f3c3fae2
2024-02-08 15:57:10,671 - basicLogger - DEBUG - Stored event 'create_product' request with a trace id of ce68a5d5-70d1-4904-8552-f9b8eb766fc0
2024-02-08 15:57:11,972 - basicLogger - DEBUG - Stored event 'create_order' request with a trace id of b97bc872-cda5-4c74-aeef-0794c1d80f11
2024-02-08 15:57:12,122 - basicLogger - DEBUG - Stored event 'create_order' request with a trace id of f3076fe4-7c9c-4494-8082-150b632986d9
2024-02-08 15:57:12,370 - basicLogger - DEBUG - Stored event 'create_order' request with a trace id of f97c313c-a94a-445a-b29b-16a073ab7280
2024-02-08 15:57:12,597 - basicLogger - DEBUG - Stored event 'create_order' request with a trace id of fe812c4c-8f51-438f-a1a9-2d0290d5f228
2024-02-08 15:57:12,722 - basicLogger - DEBUG - Stored event 'create_order' request with a trace id of bc6c59be-5a84-42fe-a3cd-ea43dea590bd
2024-03-02 21:22:31,417 - basicLogger - DEBUG - Stored event 'create_order' request with a trace id of 43160fd5-941b-4456-a193-0c8076988742
2024-03-02 21:31:01,074 - basicLogger - DEBUG - Stored event 'create_product' request with a trace id of 21242648-9bbd-4ac1-9a5b-d89bb9f2392f
2024-03-04 22:55:03,832 - basicLogger - DEBUG - Stored event 'create_product' request with a trace id of 042c4700-ca13-4074-9faa-94d53310846e
2024-03-04 22:55:21,044 - basicLogger - DEBUG - Stored event 'create_order' request with a trace id of a50aebf1-0005-4592-96f2-3b9c3e6509cd
2024-03-04 22:59:30,571 - basicLogger - DEBUG - Stored event 'create_product' request with a trace id of 0d86e408-91c4-4538-982b-1e6772fbed8e
2024-03-04 22:59:34,565 - basicLogger - DEBUG - Stored event 'create_order' request with a trace id of ec32729a-5e05-415e-9a32-4325a4b3a2d6
2024-03-04 23:04:53,812 - basicLogger - ERROR - 'str' object has no attribute 'dayfirst'
2024-03-04 23:04:58,751 - basicLogger - DEBUG - Stored event 'create_product' request with a trace id of 958a4061-96ba-4938-b6d7-df265024b1da
2024-03-04 23:06:26,106 - basicLogger - DEBUG - Stored event 'create_product' request with a trace id of ff3eed2f-afb0-4cb6-9808-f0b53b50a418
2024-03-04 23:06:33,085 - basicLogger - ERROR - 'str' object has no attribute 'dayfirst'
2024-03-04 23:07:02,261 - basicLogger - DEBUG - Stored event 'create_order' request with a trace id of 7463afb2-fc1a-43c1-959c-c2907b426487
2024-03-05 21:24:47,065 - basicLogger - INFO - Query for products after 2024-03-06 05:10:31 returns 0 results
2024-03-05 21:24:51,938 - basicLogger - INFO - Query for products after 2024-03-06 05:10:31 returns 0 results
2024-03-05 21:27:02,598 - basicLogger - INFO - Query for products after 2024-03-06 05:10:31 returns 0 results
2024-03-05 21:27:04,648 - basicLogger - INFO - Query for orders after 2024-03-06 05:10:31 returns 0 results
2024-03-05 21:27:04,649 - basicLogger - INFO - Query for products after 2024-03-06 05:10:31 returns 0 results
2024-03-05 21:27:13,378 - basicLogger - INFO - Query for products after 2024-03-06 05:10:31 returns 0 results
2024-03-05 21:27:15,431 - basicLogger - INFO - Query for orders after 2024-03-06 05:10:31 returns 0 results
2024-03-05 21:27:15,431 - basicLogger - INFO - Query for products after 2024-03-06 05:10:31 returns 0 results
2024-03-05 21:27:18,385 - basicLogger - INFO - Query for products after 2024-03-06 05:10:31 returns 0 results
2024-03-05 21:27:20,420 - basicLogger - INFO - Query for orders after 2024-03-06 05:10:31 returns 0 results
2024-03-05 21:27:20,420 - basicLogger - INFO - Query for products after 2024-03-06 05:10:31 returns 0 results
2024-03-05 21:27:23,366 - basicLogger - INFO - Query for products after 2024-03-06 05:10:31 returns 0 results
2024-03-05 21:27:25,421 - basicLogger - INFO - Query for orders after 2024-03-06 05:10:31 returns 0 results
2024-03-05 21:27:25,421 - basicLogger - INFO - Query for products after 2024-03-06 05:10:31 returns 0 results
2024-03-05 21:27:28,375 - basicLogger - INFO - Query for products after 2024-03-06 05:10:31 returns 0 results
2024-03-05 21:27:30,413 - basicLogger - INFO - Query for orders after 2024-03-06 05:10:31 returns 0 results
2024-03-05 21:27:30,414 - basicLogger - INFO - Query for products after 2024-03-06 05:10:31 returns 0 results
2024-03-05 21:27:33,378 - basicLogger - INFO - Query for products after 2024-03-06 05:10:31 returns 0 results
2024-03-05 21:27:35,424 - basicLogger - INFO - Query for orders after 2024-03-06 05:10:31 returns 0 results
2024-03-05 21:27:35,424 - basicLogger - INFO - Query for products after 2024-03-06 05:10:31 returns 0 results
2024-03-05 21:27:38,390 - basicLogger - INFO - Query for products after 2024-03-06 05:10:31 returns 0 results
2024-03-05 21:27:40,454 - basicLogger - INFO - Query for orders after 2024-03-06 05:10:31 returns 0 results
2024-03-05 21:27:40,454 - basicLogger - INFO - Query for products after 2024-03-06 05:10:31 returns 0 results
2024-03-05 21:27:43,380 - basicLogger - INFO - Query for products after 2024-03-06 05:10:31 returns 0 results
2024-03-05 21:27:45,420 - basicLogger - INFO - Query for orders after 2024-03-06 05:10:31 returns 0 results
2024-03-05 21:27:45,420 - basicLogger - INFO - Query for products after 2024-03-06 05:10:31 returns 0 results
2024-03-05 21:27:48,377 - basicLogger - INFO - Query for products after 2024-03-06 05:10:31 returns 0 results
2024-03-05 21:27:50,418 - basicLogger - INFO - Query for orders after 2024-03-06 05:10:31 returns 0 results
2024-03-05 21:27:50,419 - basicLogger - INFO - Query for products after 2024-03-06 05:10:31 returns 0 results
2024-03-05 21:27:53,383 - basicLogger - INFO - Query for products after 2024-03-06 05:10:31 returns 0 results
2024-03-05 21:31:15,395 - basicLogger - DEBUG - Stored event 'create_order' request with a trace id of 6931e311-f73e-400a-b3da-b980bd06a56c
2024-03-05 21:31:19,974 - basicLogger - DEBUG - Stored event 'create_product' request with a trace id of 9a822517-8c9f-4efc-930c-5b5566e604d4
2024-03-05 21:32:35,313 - basicLogger - DEBUG - Stored event 'create_product' request with a trace id of 102b767d-e351-45dd-8210-9289df9e115b
2024-03-05 21:32:39,852 - basicLogger - DEBUG - Stored event 'create_order' request with a trace id of d26bfde7-8981-42b4-baed-93232eb14a81
2024-03-05 21:33:28,774 - basicLogger - DEBUG - Stored event 'create_product' request with a trace id of f184a00c-e4a1-4199-b67a-67a3f8c85d5f
2024-03-05 21:33:32,139 - basicLogger - DEBUG - Stored event 'create_order' request with a trace id of 52b4acc3-3b88-40ec-ab32-39e8cf5e04fc
2024-03-05 21:35:13,371 - basicLogger - DEBUG - Stored event 'create_order' request with a trace id of 65803563-ba56-4a4a-887b-c8d5a6f85971
2024-03-05 21:35:17,306 - basicLogger - DEBUG - Stored event 'create_product' request with a trace id of e42655d9-8af9-4fd1-9ad5-476654bd563e
2024-03-05 21:35:29,386 - basicLogger - INFO - Query for products after 2024-03-06 05:10:31 returns 1 results
2024-03-05 21:35:31,449 - basicLogger - INFO - Query for orders after 2024-03-06 05:10:31 returns 1 results
2024-03-05 21:35:31,449 - basicLogger - INFO - Query for products after 2024-03-06 05:10:31 returns 1 results
2024-03-05 21:38:15,384 - basicLogger - INFO - Query for products after 2024-03-06 05:10:31 returns 1 results
2024-03-05 21:38:17,434 - basicLogger - INFO - Query for products after 2024-03-06 05:10:31 returns 1 results
2024-03-05 21:40:50,772 - basicLogger - INFO - [{'id': 1, 'product_id': 'a1b2c3d4-1234-5678-abcd-0123456789ab', 'name': 'product1', 'price': 49.99, 'quantity': 100, 'date_created': datetime.datetime(2024, 3, 6, 5, 35, 17), 'trace_id': 'e42655d9-8af9-4fd1-9ad5-476654bd563e'}]
2024-03-05 21:40:50,773 - basicLogger - INFO - Query for products after 2024-03-06 05:10:31 returns 1 results
2024-03-05 21:40:52,828 - basicLogger - INFO - [{'id': 1, 'customer_id': 'a1b2c3d4-1234-5678-abcd-0123456789ab', 'order_date': 'product1', 'quantity': 49.99, 'total_price': 100, 'date_created': datetime.datetime(2024, 3, 6, 5, 35, 17), 'trace_id': 'e42655d9-8af9-4fd1-9ad5-476654bd563e'}]
2024-03-05 21:40:52,829 - basicLogger - INFO - Query for products after 2024-03-06 05:10:31 returns 1 results
2024-03-05 21:58:47,604 - basicLogger - INFO - [{'id': 1, 'product_id': 'a1b2c3d4-1234-5678-abcd-0123456789ab', 'name': 'product1', 'price': 49.99, 'quantity': 100, 'date_created': datetime.datetime(2024, 3, 6, 5, 35, 17), 'trace_id': 'e42655d9-8af9-4fd1-9ad5-476654bd563e'}]
2024-03-05 21:58:47,604 - basicLogger - INFO - Query for products after 2024-03-06 05:10:31 returns 1 results
2024-03-05 21:59:20,659 - basicLogger - INFO - [{'id': 1, 'customer_id': 'a1b2c3d4-1234-5678-abcd-0123456789ab', 'order_date': 'product1', 'quantity': 49.99, 'total_price': 100, 'date_created': datetime.datetime(2024, 3, 6, 5, 35, 17), 'trace_id': 'e42655d9-8af9-4fd1-9ad5-476654bd563e'}]
2024-03-05 21:59:20,659 - basicLogger - INFO - Query for products after 2024-03-06 05:10:31 returns 1 results
2024-03-05 22:00:34,422 - basicLogger - INFO - [{'id': 1, 'customer_id': 'a1b2c3d4-1234-5678-abcd-0123456789ab', 'order_date': 'product1', 'quantity': 49.99, 'total_price': 100, 'date_created': datetime.datetime(2024, 3, 6, 5, 35, 17), 'trace_id': 'e42655d9-8af9-4fd1-9ad5-476654bd563e'}]
2024-03-05 22:00:34,422 - basicLogger - INFO - Query for products after 2024-03-06 05:10:31 returns 1 results
2024-03-05 22:00:55,722 - basicLogger - INFO - [{'id': 1, 'customer_id': 'a1b2c3d4-1234-5678-abcd-0123456789ab', 'order_date': 'product1', 'quantity': 49.99, 'total_price': 100, 'date_created': datetime.datetime(2024, 3, 6, 5, 35, 17), 'trace_id': 'e42655d9-8af9-4fd1-9ad5-476654bd563e'}]
2024-03-05 22:00:55,724 - basicLogger - INFO - Query for products after 2024-03-06 05:10:31 returns 1 results
2024-03-05 22:01:51,045 - basicLogger - INFO - [{'id': 1, 'customer_id': 'a1b2c3d4-1234-5678-abcd-0123456789ab', 'order_date': 'product1', 'quantity': 49.99, 'total_price': 100, 'date_created': datetime.datetime(2024, 3, 6, 5, 35, 17), 'trace_id': 'e42655d9-8af9-4fd1-9ad5-476654bd563e'}]
2024-03-05 22:01:51,045 - basicLogger - INFO - Query for products after 2024-03-06 05:10:31 returns 1 results
2024-03-05 22:02:40,264 - basicLogger - INFO - [{'id': 1, 'product_id': 'a1b2c3d4-1234-5678-abcd-0123456789ab', 'name': 'product1', 'price': 49.99, 'quantity': 100, 'date_created': datetime.datetime(2024, 3, 6, 5, 35, 17), 'trace_id': 'e42655d9-8af9-4fd1-9ad5-476654bd563e'}]
2024-03-05 22:02:40,264 - basicLogger - INFO - Query for products after 2024-03-06 05:10:31 returns 1 results
2024-03-05 22:03:23,208 - basicLogger - INFO - [{'id': 1, 'customer_id': 'a1b2c3d4-1234-5678-abcd-0123456789ab', 'order_date': datetime.datetime(2024, 1, 11, 12, 30), 'quantity': 12, 'total_price': 99.99, 'date_created': datetime.datetime(2024, 3, 6, 5, 35, 13), 'trace_id': '65803563-ba56-4a4a-887b-c8d5a6f85971'}]
2024-03-05 22:03:23,209 - basicLogger - INFO - Query for orders after 2024-03-06 05:10:31 returns 1 results
2024-03-05 22:03:54,492 - basicLogger - INFO - [{'id': 1, 'product_id': 'a1b2c3d4-1234-5678-abcd-0123456789ab', 'name': 'product1', 'price': 49.99, 'quantity': 100, 'date_created': datetime.datetime(2024, 3, 6, 5, 35, 17), 'trace_id': 'e42655d9-8af9-4fd1-9ad5-476654bd563e'}]
2024-03-05 22:03:54,492 - basicLogger - INFO - Query for products after 2024-03-06 05:10:31 returns 1 results
2024-03-05 22:03:56,536 - basicLogger - INFO - [{'id': 1, 'customer_id': 'a1b2c3d4-1234-5678-abcd-0123456789ab', 'order_date': datetime.datetime(2024, 1, 11, 12, 30), 'quantity': 12, 'total_price': 99.99, 'date_created': datetime.datetime(2024, 3, 6, 5, 35, 13), 'trace_id': '65803563-ba56-4a4a-887b-c8d5a6f85971'}]
2024-03-05 22:03:56,536 - basicLogger - INFO - Query for orders after 2024-03-06 05:10:31 returns 1 results
2024-03-05 22:03:59,490 - basicLogger - INFO - [{'id': 1, 'product_id': 'a1b2c3d4-1234-5678-abcd-0123456789ab', 'name': 'product1', 'price': 49.99, 'quantity': 100, 'date_created': datetime.datetime(2024, 3, 6, 5, 35, 17), 'trace_id': 'e42655d9-8af9-4fd1-9ad5-476654bd563e'}]
2024-03-05 22:03:59,490 - basicLogger - INFO - Query for products after 2024-03-06 05:10:31 returns 1 results
2024-03-05 22:04:01,543 - basicLogger - INFO - [{'id': 1, 'customer_id': 'a1b2c3d4-1234-5678-abcd-0123456789ab', 'order_date': datetime.datetime(2024, 1, 11, 12, 30), 'quantity': 12, 'total_price': 99.99, 'date_created': datetime.datetime(2024, 3, 6, 5, 35, 13), 'trace_id': '65803563-ba56-4a4a-887b-c8d5a6f85971'}]
2024-03-05 22:04:01,544 - basicLogger - INFO - Query for orders after 2024-03-06 05:10:31 returns 1 results
2024-03-05 22:04:04,486 - basicLogger - INFO - [{'id': 1, 'product_id': 'a1b2c3d4-1234-5678-abcd-0123456789ab', 'name': 'product1', 'price': 49.99, 'quantity': 100, 'date_created': datetime.datetime(2024, 3, 6, 5, 35, 17), 'trace_id': 'e42655d9-8af9-4fd1-9ad5-476654bd563e'}]
2024-03-05 22:04:04,487 - basicLogger - INFO - Query for products after 2024-03-06 05:10:31 returns 1 results
2024-03-05 22:04:06,534 - basicLogger - INFO - [{'id': 1, 'customer_id': 'a1b2c3d4-1234-5678-abcd-0123456789ab', 'order_date': datetime.datetime(2024, 1, 11, 12, 30), 'quantity': 12, 'total_price': 99.99, 'date_created': datetime.datetime(2024, 3, 6, 5, 35, 13), 'trace_id': '65803563-ba56-4a4a-887b-c8d5a6f85971'}]
2024-03-05 22:04:06,534 - basicLogger - INFO - Query for orders after 2024-03-06 05:10:31 returns 1 results
